<?xml version="1.0" encoding="UTF-8"?>
<!-- Generated by org.testng.reporters.JUnitXMLReporter -->
<testsuite ignored="0" hostname="LAPTOP-BIISJQ32" failures="0" tests="2" name="Error Messages" time="30.085" errors="0" timestamp="2022-11-27T13:15:33 IST">
  <testcase classname="AutomationFramework.Tests.ErrorMessage" name="LoginErrorMessageValidation" time="0.557"/>
  <testcase classname="AutomationFramework.Tests.ErrorMessage" name="ProductErrorMessageValidation" time="8.718"/>
</testsuite> <!-- Error Messages -->
