<?xml version="1.0" encoding="UTF-8"?>
<!-- Generated by org.testng.reporters.JUnitXMLReporter -->
<testsuite ignored="2" hostname="LAPTOP-BIISJQ32" failures="0" tests="0" time="0.018" errors="0" timestamp="2022-11-27T13:15:02 IST">
  <testcase classname="AutomationFramework.Tests.SubmitOrderFlow" name="SubmitOrder" time="0.0">
    <ignored/>
  </testcase> <!-- SubmitOrder -->
  <testcase classname="AutomationFramework.Tests.SubmitOrderFlow" name="OrderHistoryPage" time="0.0">
    <ignored/>
  </testcase> <!-- OrderHistoryPage -->
</testsuite>
