<?xml version="1.0" encoding="UTF-8"?>
<!-- Generated by org.testng.reporters.JUnitXMLReporter -->
<testsuite ignored="0" hostname="LAPTOP-BIISJQ32" failures="0" tests="2" name="Error Messages" time="26.858" errors="0" timestamp="2022-11-29T23:57:05 IST">
  <testcase classname="AutomationFramework.Tests.ErrorMessage" name="LoginErrorMessageValidation" time="0.582"/>
  <testcase classname="AutomationFramework.Tests.ErrorMessage" name="ProductErrorMessageValidation" time="13.537"/>
</testsuite> <!-- Error Messages -->
