<?xml version="1.0" encoding="UTF-8"?>
<!-- Generated by org.testng.reporters.JUnitXMLReporter -->
<testsuite ignored="0" hostname="LAPTOP-BIISJQ32" failures="0" tests="3" name="Submit Order" time="37.042" errors="0" timestamp="2022-11-29T23:57:15 IST">
  <testcase classname="AutomationFramework.Tests.SubmitOrderFlow" name="SubmitOrder" time="9.624"/>
  <testcase classname="AutomationFramework.Tests.SubmitOrderFlow" name="SubmitOrder" time="9.655"/>
  <testcase classname="AutomationFramework.Tests.SubmitOrderFlow" name="OrderHistoryPage" time="0.786"/>
</testsuite> <!-- Submit Order -->
